[debug] [2024-01-18T15:54:10.704Z] ----------------------------------------------------------------------
[debug] [2024-01-18T15:54:10.705Z] Command:       C:\Program Files\nodejs\node.exe C:\Users\rlaza\AppData\Roaming\npm\node_modules\firebase-tools\lib\bin\firebase.js init
[debug] [2024-01-18T15:54:10.706Z] CLI Version:   13.0.3
[debug] [2024-01-18T15:54:10.706Z] Platform:      win32
[debug] [2024-01-18T15:54:10.706Z] Node Version:  v18.18.0
[debug] [2024-01-18T15:54:10.707Z] Time:          Thu Jan 18 2024 16:54:10 GMT+0100 (Central European Standard Time)
[debug] [2024-01-18T15:54:10.707Z] ----------------------------------------------------------------------
[debug] 
[debug] [2024-01-18T15:54:10.713Z] > command requires scopes: ["email","openid","https://www.googleapis.com/auth/cloudplatformprojects.readonly","https://www.googleapis.com/auth/firebase","https://www.googleapis.com/auth/cloud-platform"]
[debug] [2024-01-18T15:54:10.713Z] > authorizing via signed-in user (laza25.mc@gmail.com)
[info] 
     ######## #### ########  ######## ########     ###     ######  ########
     ##        ##  ##     ## ##       ##     ##  ##   ##  ##       ##
     ######    ##  ########  ######   ########  #########  ######  ######
     ##        ##  ##    ##  ##       ##     ## ##     ##       ## ##
     ##       #### ##     ## ######## ########  ##     ##  ######  ########

You're about to initialize a Firebase project in this directory:

  C:\Users\rlaza\OneDrive\Radna površina\js-applications\react\react-pedro-exercise\project\public

[info] 
=== Project Setup
[info] 
[info] First, let's associate this project directory with a Firebase project.
[info] You can create multiple project aliases by running firebase use --add, 
[info] but for now we'll just set up a default project.
[info] 
[debug] [2024-01-18T15:55:38.419Z] >>> [apiv2][query] GET https://firebase.googleapis.com/v1beta1/projects pageSize=100
[debug] [2024-01-18T15:55:38.993Z] <<< [apiv2][status] GET https://firebase.googleapis.com/v1beta1/projects 200
[debug] [2024-01-18T15:55:38.994Z] <<< [apiv2][body] GET https://firebase.googleapis.com/v1beta1/projects [omitted]
[info] i  Using project react-course-3542b (react-course) 
[info] 
=== Hosting Setup
[debug] [2024-01-18T15:56:09.466Z] >>> [apiv2][query] GET https://firebase.googleapis.com/v1beta1/projects/react-course-3542b [none]
[debug] [2024-01-18T15:56:09.886Z] <<< [apiv2][status] GET https://firebase.googleapis.com/v1beta1/projects/react-course-3542b 200
[debug] [2024-01-18T15:56:09.886Z] <<< [apiv2][body] GET https://firebase.googleapis.com/v1beta1/projects/react-course-3542b {"projectId":"react-course-3542b","projectNumber":"875658786309","displayName":"react-course","name":"projects/react-course-3542b","resources":{"hostingSite":"react-course-3542b"},"state":"ACTIVE","etag":"1_bcec4c07-44cc-476c-b639-74bca64bcaaf"}
[info] 
[info] Your public directory is the folder (relative to your project directory) that
[info] will contain Hosting assets to be uploaded with firebase deploy. If you
[info] have a build process for your assets, use your build's output directory.
[info] 
[info] +  Wrote public/404.html 
[debug] [2024-01-18T15:59:49.409Z] >>> [apiv2][query] GET https://www.gstatic.com/firebasejs/releases.json [none]
[debug] [2024-01-18T15:59:49.587Z] <<< [apiv2][status] GET https://www.gstatic.com/firebasejs/releases.json 200
[debug] [2024-01-18T15:59:49.587Z] <<< [apiv2][body] GET https://www.gstatic.com/firebasejs/releases.json {"current":{"version":"10.7.1","browserURL":"https://www.gstatic.com/firebasejs/10.7.1/firebase.js","packageURL":"https://www.gstatic.com/firebasejs/10.7.1/firebase.tgz"},"live":{"version":"10.7","browserURL":"https://www.gstatic.com/firebasejs/live/10.7/firebase.js","packageURL":"https://www.gstatic.com/firebasejs/live/10.7/firebase.tgz"},"components":{"analytics":"https://www.gstatic.com/firebasejs/10.7.1/firebase-analytics.js","app":"https://www.gstatic.com/firebasejs/10.7.1/firebase-app.js","app-check":"https://www.gstatic.com/firebasejs/10.7.1/firebase-app-check.js","auth":"https://www.gstatic.com/firebasejs/10.7.1/firebase-auth.js","auth/cordova":"https://www.gstatic.com/firebasejs/10.7.1/firebase-auth/cordova.js","functions":"https://www.gstatic.com/firebasejs/10.7.1/firebase-functions.js","firestore":"https://www.gstatic.com/firebasejs/10.7.1/firebase-firestore.js","firestore/lite":"https://www.gstatic.com/firebasejs/10.7.1/firebase-firestore/lite.js","installations":"https://www.gstatic.com/firebasejs/10.7.1/firebase-installations.js","storage":"https://www.gstatic.com/firebasejs/10.7.1/firebase-storage.js","performance":"https://www.gstatic.com/firebasejs/10.7.1/firebase-performance.js","remote-config":"https://www.gstatic.com/firebasejs/10.7.1/firebase-remote-config.js","messaging":"https://www.gstatic.com/firebasejs/10.7.1/firebase-messaging.js","messaging/sw":"https://www.gstatic.com/firebasejs/10.7.1/firebase-messaging/sw.js","database":"https://www.gstatic.com/firebasejs/10.7.1/firebase-database.js","firestore.memory":"https://www.gstatic.com/firebasejs/10.7.1/firebase-firestore.memory.js"}}
[info] +  Wrote public/index.html 
[info] 
[info] i  Detected a .git folder at C:\Users\rlaza\OneDrive\Radna površina\js-applications\react\react-pedro-exercise\project 
[info] i  Authorizing with GitHub to upload your service account to a GitHub repository's secrets store. 
[info] 
[info] Visit this URL on this device to log in:
[info] https://github.com/login/oauth/authorize?client_id=89cf50f02ac6aaed3484&state=35058134&redirect_uri=http%3A%2F%2Flocalhost%3A9005&scope=read%3Auser%20repo%20public_repo
[info] 
[info] Waiting for authentication...
[debug] [2024-01-18T16:01:04.117Z] >>> [apiv2][query] POST https://github.com/login/oauth/access_token [none]
[debug] [2024-01-18T16:01:04.117Z] >>> [apiv2][body] POST https://github.com/login/oauth/access_token [stream]
[debug] [2024-01-18T16:01:04.434Z] <<< [apiv2][status] POST https://github.com/login/oauth/access_token 200
[debug] [2024-01-18T16:01:04.435Z] <<< [apiv2][body] POST https://github.com/login/oauth/access_token {"access_token":"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","token_type":"bearer","scope":"read:user,repo"}
[debug] [2024-01-18T16:01:04.439Z] >>> [apiv2][query] GET https://api.github.com/user [none]
[debug] [2024-01-18T16:01:04.779Z] <<< [apiv2][status] GET https://api.github.com/user 200
[debug] [2024-01-18T16:01:04.779Z] <<< [apiv2][body] GET https://api.github.com/user {"login":"laza2525","id":157042758,"node_id":"U_kgDOCVxIRg","avatar_url":"https://avatars.githubusercontent.com/u/157042758?v=4","gravatar_id":"","url":"https://api.github.com/users/laza2525","html_url":"https://github.com/laza2525","followers_url":"https://api.github.com/users/laza2525/followers","following_url":"https://api.github.com/users/laza2525/following{/other_user}","gists_url":"https://api.github.com/users/laza2525/gists{/gist_id}","starred_url":"https://api.github.com/users/laza2525/starred{/owner}{/repo}","subscriptions_url":"https://api.github.com/users/laza2525/subscriptions","organizations_url":"https://api.github.com/users/laza2525/orgs","repos_url":"https://api.github.com/users/laza2525/repos","events_url":"https://api.github.com/users/laza2525/events{/privacy}","received_events_url":"https://api.github.com/users/laza2525/received_events","type":"User","site_admin":false,"name":null,"company":null,"blog":"","location":null,"email":null,"hireable":null,"bio":null,"twitter_username":null,"public_repos":0,"public_gists":0,"followers":0,"following":0,"created_at":"2024-01-18T15:58:39Z","updated_at":"2024-01-18T15:58:39Z","private_gists":0,"total_private_repos":0,"owned_private_repos":0,"disk_usage":0,"collaborators":0,"two_factor_authentication":false,"plan":{"name":"free","space":976562499,"collaborators":0,"private_repos":10000}}
[info] 
[info] +  Success! Logged into GitHub as laza2525 
[info] 
